0 info it worked if it ends with ok
1 verbose cli [ '/usr/local/bin/node',
1 verbose cli   '/usr/local/bin/npm',
1 verbose cli   'install',
1 verbose cli   'locus' ]
2 info using npm@3.7.2
3 info using node@v5.4.1
4 silly loadCurrentTree Starting
5 silly install loadCurrentTree
6 silly install readLocalPackageData
7 silly fetchPackageMetaData locus@^1.2.0
8 silly fetchNamedPackageData locus
9 silly mapToRegistry name locus
10 silly mapToRegistry using default registry
11 silly mapToRegistry registry https://registry.npmjs.org/
12 silly mapToRegistry uri https://registry.npmjs.org/locus
13 verbose request uri https://registry.npmjs.org/locus
14 verbose request no auth needed
15 info attempt registry request try #1 at 11:11:16 AM
16 verbose request id b42b060dd49bf3ae
17 verbose etag "4S1LXMOYJGTNPE3TU8RCT6FTH"
18 http request GET https://registry.npmjs.org/locus
19 http 304 https://registry.npmjs.org/locus
20 verbose headers { date: 'Wed, 24 Feb 2016 19:11:16 GMT',
20 verbose headers   via: '1.1 varnish',
20 verbose headers   'cache-control': 'max-age=300',
20 verbose headers   etag: '"4S1LXMOYJGTNPE3TU8RCT6FTH"',
20 verbose headers   age: '125',
20 verbose headers   connection: 'keep-alive',
20 verbose headers   'x-served-by': 'cache-lax1433-LAX',
20 verbose headers   'x-cache': 'HIT',
20 verbose headers   'x-cache-hits': '1',
20 verbose headers   'x-timer': 'S1456341076.926380,VS0,VE0',
20 verbose headers   vary: 'Accept' }
21 silly get cb [ 304,
21 silly get   { date: 'Wed, 24 Feb 2016 19:11:16 GMT',
21 silly get     via: '1.1 varnish',
21 silly get     'cache-control': 'max-age=300',
21 silly get     etag: '"4S1LXMOYJGTNPE3TU8RCT6FTH"',
21 silly get     age: '125',
21 silly get     connection: 'keep-alive',
21 silly get     'x-served-by': 'cache-lax1433-LAX',
21 silly get     'x-cache': 'HIT',
21 silly get     'x-cache-hits': '1',
21 silly get     'x-timer': 'S1456341076.926380,VS0,VE0',
21 silly get     vary: 'Accept' } ]
22 verbose etag https://registry.npmjs.org/locus from cache
23 verbose get saving locus to /Users/Sierra Hotel/.npm/registry.npmjs.org/locus/.cache.json
24 verbose correctMkdir /Users/Sierra Hotel/.npm correctMkdir not in flight; initializing
25 silly install normalizeTree
26 silly loadCurrentTree Finishing
27 silly loadIdealTree Starting
28 silly install loadIdealTree
29 silly cloneCurrentTree Starting
30 silly install cloneCurrentTreeToIdealTree
31 silly cloneCurrentTree Finishing
32 silly loadShrinkwrap Starting
33 silly install loadShrinkwrap
34 silly loadShrinkwrap Finishing
35 silly loadAllDepsIntoIdealTree Starting
36 silly install loadAllDepsIntoIdealTree
37 silly resolveWithNewModule locus@1.2.0 checking installable status
38 silly cache add args [ 'locus@^1.2.0', null ]
39 verbose cache add spec locus@^1.2.0
40 silly cache add parsed spec Result {
40 silly cache add   raw: 'locus@^1.2.0',
40 silly cache add   scope: null,
40 silly cache add   name: 'locus',
40 silly cache add   rawSpec: '^1.2.0',
40 silly cache add   spec: '>=1.2.0 <2.0.0',
40 silly cache add   type: 'range' }
41 silly addNamed locus@>=1.2.0 <2.0.0
42 verbose addNamed ">=1.2.0 <2.0.0" is a valid semver range for locus
43 silly addNameRange { name: 'locus', range: '>=1.2.0 <2.0.0', hasData: false }
44 silly mapToRegistry name locus
45 silly mapToRegistry using default registry
46 silly mapToRegistry registry https://registry.npmjs.org/
47 silly mapToRegistry uri https://registry.npmjs.org/locus
48 verbose addNameRange registry:https://registry.npmjs.org/locus not in flight; fetching
49 verbose get https://registry.npmjs.org/locus not expired, no request
50 silly addNameRange number 2 { name: 'locus', range: '>=1.2.0 <2.0.0', hasData: true }
51 silly addNameRange versions [ 'locus',
51 silly addNameRange   [ '0.0.1',
51 silly addNameRange     '0.0.2',
51 silly addNameRange     '0.0.3',
51 silly addNameRange     '0.0.4',
51 silly addNameRange     '0.1.0',
51 silly addNameRange     '1.0.0-beta.1',
51 silly addNameRange     '1.0.0',
51 silly addNameRange     '1.0.1',
51 silly addNameRange     '1.0.2',
51 silly addNameRange     '1.0.3',
51 silly addNameRange     '1.0.4',
51 silly addNameRange     '1.1.0',
51 silly addNameRange     '1.2.0' ] ]
52 silly addNamed locus@1.2.0
53 verbose addNamed "1.2.0" is a plain semver version for locus
54 silly cache afterAdd locus@1.2.0
55 verbose afterAdd /Users/Sierra Hotel/.npm/locus/1.2.0/package/package.json not in flight; writing
56 verbose correctMkdir /Users/Sierra Hotel/.npm correctMkdir not in flight; initializing
57 verbose afterAdd /Users/Sierra Hotel/.npm/locus/1.2.0/package/package.json written
58 silly fetchNamedPackageData deasync
59 silly mapToRegistry name deasync
60 silly mapToRegistry using default registry
61 silly mapToRegistry registry https://registry.npmjs.org/
62 silly mapToRegistry uri https://registry.npmjs.org/deasync
63 verbose request uri https://registry.npmjs.org/deasync
64 verbose request no auth needed
65 info attempt registry request try #1 at 11:11:16 AM
66 verbose etag "8EFWUWPXRUYPRI7GNMH8VGQS7"
67 http request GET https://registry.npmjs.org/deasync
68 http 304 https://registry.npmjs.org/deasync
69 verbose headers { date: 'Wed, 24 Feb 2016 19:11:17 GMT',
69 verbose headers   via: '1.1 varnish',
69 verbose headers   'cache-control': 'max-age=300',
69 verbose headers   etag: '"8EFWUWPXRUYPRI7GNMH8VGQS7"',
69 verbose headers   age: '119',
69 verbose headers   connection: 'keep-alive',
69 verbose headers   'x-served-by': 'cache-lax1425-LAX',
69 verbose headers   'x-cache': 'HIT',
69 verbose headers   'x-cache-hits': '1',
69 verbose headers   'x-timer': 'S1456341077.233168,VS0,VE0',
69 verbose headers   vary: 'Accept' }
70 silly get cb [ 304,
70 silly get   { date: 'Wed, 24 Feb 2016 19:11:17 GMT',
70 silly get     via: '1.1 varnish',
70 silly get     'cache-control': 'max-age=300',
70 silly get     etag: '"8EFWUWPXRUYPRI7GNMH8VGQS7"',
70 silly get     age: '119',
70 silly get     connection: 'keep-alive',
70 silly get     'x-served-by': 'cache-lax1425-LAX',
70 silly get     'x-cache': 'HIT',
70 silly get     'x-cache-hits': '1',
70 silly get     'x-timer': 'S1456341077.233168,VS0,VE0',
70 silly get     vary: 'Accept' } ]
71 verbose etag https://registry.npmjs.org/deasync from cache
72 verbose get saving deasync to /Users/Sierra Hotel/.npm/registry.npmjs.org/deasync/.cache.json
73 verbose correctMkdir /Users/Sierra Hotel/.npm correctMkdir not in flight; initializing
74 silly resolveWithNewModule deasync@0.1.4 checking installable status
75 silly cache add args [ 'deasync@^0.1.0', null ]
76 verbose cache add spec deasync@^0.1.0
77 silly cache add parsed spec Result {
77 silly cache add   raw: 'deasync@^0.1.0',
77 silly cache add   scope: null,
77 silly cache add   name: 'deasync',
77 silly cache add   rawSpec: '^0.1.0',
77 silly cache add   spec: '>=0.1.0 <0.2.0',
77 silly cache add   type: 'range' }
78 silly addNamed deasync@>=0.1.0 <0.2.0
79 verbose addNamed ">=0.1.0 <0.2.0" is a valid semver range for deasync
80 silly addNameRange { name: 'deasync', range: '>=0.1.0 <0.2.0', hasData: false }
81 silly mapToRegistry name deasync
82 silly mapToRegistry using default registry
83 silly mapToRegistry registry https://registry.npmjs.org/
84 silly mapToRegistry uri https://registry.npmjs.org/deasync
85 verbose addNameRange registry:https://registry.npmjs.org/deasync not in flight; fetching
86 verbose get https://registry.npmjs.org/deasync not expired, no request
87 silly addNameRange number 2 { name: 'deasync', range: '>=0.1.0 <0.2.0', hasData: true }
88 silly addNameRange versions [ 'deasync',
88 silly addNameRange   [ '0.0.3',
88 silly addNameRange     '0.0.4',
88 silly addNameRange     '0.0.5',
88 silly addNameRange     '0.0.6',
88 silly addNameRange     '0.0.7',
88 silly addNameRange     '0.0.8',
88 silly addNameRange     '0.0.9',
88 silly addNameRange     '0.0.10',
88 silly addNameRange     '0.1.0',
88 silly addNameRange     '0.1.1',
88 silly addNameRange     '0.1.2',
88 silly addNameRange     '0.1.3',
88 silly addNameRange     '0.1.4' ] ]
89 silly addNamed deasync@0.1.4
90 verbose addNamed "0.1.4" is a plain semver version for deasync
91 silly cache afterAdd deasync@0.1.4
92 verbose afterAdd /Users/Sierra Hotel/.npm/deasync/0.1.4/package/package.json not in flight; writing
93 verbose correctMkdir /Users/Sierra Hotel/.npm correctMkdir not in flight; initializing
94 verbose afterAdd /Users/Sierra Hotel/.npm/deasync/0.1.4/package/package.json written
95 silly fetchNamedPackageData nan
96 silly mapToRegistry name nan
97 silly mapToRegistry using default registry
98 silly mapToRegistry registry https://registry.npmjs.org/
99 silly mapToRegistry uri https://registry.npmjs.org/nan
100 verbose request uri https://registry.npmjs.org/nan
101 verbose request no auth needed
102 info attempt registry request try #1 at 11:11:16 AM
103 verbose etag "7Y2U1A5TWU1O0YTKGMD4FB8ZN"
104 http request GET https://registry.npmjs.org/nan
105 http 304 https://registry.npmjs.org/nan
106 verbose headers { date: 'Wed, 24 Feb 2016 19:11:17 GMT',
106 verbose headers   via: '1.1 varnish',
106 verbose headers   'cache-control': 'max-age=300',
106 verbose headers   etag: '"7Y2U1A5TWU1O0YTKGMD4FB8ZN"',
106 verbose headers   age: '218',
106 verbose headers   connection: 'keep-alive',
106 verbose headers   'x-served-by': 'cache-lax1424-LAX',
106 verbose headers   'x-cache': 'HIT',
106 verbose headers   'x-cache-hits': '18',
106 verbose headers   'x-timer': 'S1456341077.356003,VS0,VE0',
106 verbose headers   vary: 'Accept' }
107 silly get cb [ 304,
107 silly get   { date: 'Wed, 24 Feb 2016 19:11:17 GMT',
107 silly get     via: '1.1 varnish',
107 silly get     'cache-control': 'max-age=300',
107 silly get     etag: '"7Y2U1A5TWU1O0YTKGMD4FB8ZN"',
107 silly get     age: '218',
107 silly get     connection: 'keep-alive',
107 silly get     'x-served-by': 'cache-lax1424-LAX',
107 silly get     'x-cache': 'HIT',
107 silly get     'x-cache-hits': '18',
107 silly get     'x-timer': 'S1456341077.356003,VS0,VE0',
107 silly get     vary: 'Accept' } ]
108 verbose etag https://registry.npmjs.org/nan from cache
109 verbose get saving nan to /Users/Sierra Hotel/.npm/registry.npmjs.org/nan/.cache.json
110 verbose correctMkdir /Users/Sierra Hotel/.npm correctMkdir not in flight; initializing
111 silly resolveWithNewModule nan@2.2.0 checking installable status
112 silly cache add args [ 'nan@^2.0.7', null ]
113 verbose cache add spec nan@^2.0.7
114 silly cache add parsed spec Result {
114 silly cache add   raw: 'nan@^2.0.7',
114 silly cache add   scope: null,
114 silly cache add   name: 'nan',
114 silly cache add   rawSpec: '^2.0.7',
114 silly cache add   spec: '>=2.0.7 <3.0.0',
114 silly cache add   type: 'range' }
115 silly addNamed nan@>=2.0.7 <3.0.0
116 verbose addNamed ">=2.0.7 <3.0.0" is a valid semver range for nan
117 silly addNameRange { name: 'nan', range: '>=2.0.7 <3.0.0', hasData: false }
118 silly mapToRegistry name nan
119 silly mapToRegistry using default registry
120 silly mapToRegistry registry https://registry.npmjs.org/
121 silly mapToRegistry uri https://registry.npmjs.org/nan
122 verbose addNameRange registry:https://registry.npmjs.org/nan not in flight; fetching
123 verbose get https://registry.npmjs.org/nan not expired, no request
124 silly addNameRange number 2 { name: 'nan', range: '>=2.0.7 <3.0.0', hasData: true }
125 silly addNameRange versions [ 'nan',
125 silly addNameRange   [ '0.3.0-wip',
125 silly addNameRange     '0.3.0-wip2',
125 silly addNameRange     '0.3.0',
125 silly addNameRange     '0.3.1',
125 silly addNameRange     '0.3.2',
125 silly addNameRange     '0.4.0',
125 silly addNameRange     '0.4.1',
125 silly addNameRange     '0.4.2',
125 silly addNameRange     '0.4.3',
125 silly addNameRange     '0.4.4',
125 silly addNameRange     '0.5.0',
125 silly addNameRange     '0.5.1',
125 silly addNameRange     '0.5.2',
125 silly addNameRange     '0.6.0',
125 silly addNameRange     '0.7.0',
125 silly addNameRange     '0.7.1',
125 silly addNameRange     '0.8.0',
125 silly addNameRange     '1.0.0',
125 silly addNameRange     '1.1.0',
125 silly addNameRange     '1.1.1',
125 silly addNameRange     '1.1.2',
125 silly addNameRange     '1.2.0',
125 silly addNameRange     '1.3.0',
125 silly addNameRange     '1.4.0',
125 silly addNameRange     '1.4.1',
125 silly addNameRange     '1.5.0',
125 silly addNameRange     '1.4.2',
125 silly addNameRange     '1.4.3',
125 silly addNameRange     '1.5.1',
125 silly addNameRange     '1.5.2',
125 silly addNameRange     '1.6.0',
125 silly addNameRange     '1.5.3',
125 silly addNameRange     '1.6.1',
125 silly addNameRange     '1.6.2',
125 silly addNameRange     '1.7.0',
125 silly addNameRange     '1.8.0',
125 silly addNameRange     '1.8.1',
125 silly addNameRange     '1.8.2',
125 silly addNameRange     '1.8.3',
125 silly addNameRange     '1.8.4',
125 silly addNameRange     '1.9.0',
125 silly addNameRange     '2.0.0',
125 silly addNameRange     '2.0.1',
125 silly addNameRange     '2.0.2',
125 silly addNameRange     '2.0.3',
125 silly addNameRange     '2.0.4',
125 silly addNameRange     '2.0.5',
125 silly addNameRange     '2.0.6',
125 silly addNameRange     '2.0.7',
125 silly addNameRange     '2.0.8',
125 silly addNameRange     '2.0.9',
125 silly addNameRange     '2.1.0',
125 silly addNameRange     '2.2.0' ] ]
126 silly addNamed nan@2.2.0
127 verbose addNamed "2.2.0" is a plain semver version for nan
128 silly cache afterAdd nan@2.2.0
129 verbose afterAdd /Users/Sierra Hotel/.npm/nan/2.2.0/package/package.json not in flight; writing
130 verbose correctMkdir /Users/Sierra Hotel/.npm correctMkdir not in flight; initializing
131 verbose afterAdd /Users/Sierra Hotel/.npm/nan/2.2.0/package/package.json written
132 silly loadAllDepsIntoIdealTree Finishing
133 silly idealTree:prePrune twitter-angular-project@0.0.0
133 silly idealTree:prePrune ├── accepts@1.2.13
133 silly idealTree:prePrune ├── ansi-regex@2.0.0
133 silly idealTree:prePrune ├── ansi-styles@2.2.0
133 silly idealTree:prePrune ├── ap@0.2.0
133 silly idealTree:prePrune ├── array-flatten@1.1.1
133 silly idealTree:prePrune ├── asn1@0.2.3
133 silly idealTree:prePrune ├── assert-plus@0.2.0
133 silly idealTree:prePrune ├── async@0.2.10
133 silly idealTree:prePrune ├── aws-sign2@0.6.0
133 silly idealTree:prePrune ├── aws4@1.2.1
133 silly idealTree:prePrune ├── balanced-match@0.3.0
133 silly idealTree:prePrune ├── base64-url@1.2.1
133 silly idealTree:prePrune ├── base64url@1.0.6
133 silly idealTree:prePrune ├── basic-auth@1.0.3
133 silly idealTree:prePrune ├── bcrypt@0.8.5
133 silly idealTree:prePrune ├── bindings@1.2.1
133 silly idealTree:prePrune ├─┬ bl@1.0.3
133 silly idealTree:prePrune │ └── readable-stream@2.0.5
133 silly idealTree:prePrune ├── bluebird@2.10.2
133 silly idealTree:prePrune ├── body-parser@1.13.3
133 silly idealTree:prePrune ├── boom@2.10.1
133 silly idealTree:prePrune ├── brace-expansion@1.1.3
133 silly idealTree:prePrune ├── buffer-equal-constant-time@1.0.1
133 silly idealTree:prePrune ├── buffer-writer@1.0.1
133 silly idealTree:prePrune ├── bytes@2.1.0
133 silly idealTree:prePrune ├── camelcase-keys@1.0.0
133 silly idealTree:prePrune ├── camelcase@1.2.1
133 silly idealTree:prePrune ├── caseless@0.11.0
133 silly idealTree:prePrune ├── chalk@1.1.1
133 silly idealTree:prePrune ├── cli-color@1.1.0
133 silly idealTree:prePrune ├── color-convert@1.0.0
133 silly idealTree:prePrune ├── colors@0.6.2
133 silly idealTree:prePrune ├── combined-stream@1.0.5
133 silly idealTree:prePrune ├── commander@2.9.0
133 silly idealTree:prePrune ├── concat-map@0.0.1
133 silly idealTree:prePrune ├── concat-stream@1.4.10
133 silly idealTree:prePrune ├── content-disposition@0.5.1
133 silly idealTree:prePrune ├── content-type@1.0.1
133 silly idealTree:prePrune ├── cookie-parser@1.3.5
133 silly idealTree:prePrune ├── cookie-signature@1.0.6
133 silly idealTree:prePrune ├── cookie@0.1.3
133 silly idealTree:prePrune ├── core-util-is@1.0.2
133 silly idealTree:prePrune ├── cryptiles@2.0.5
133 silly idealTree:prePrune ├── cycle@1.0.3
133 silly idealTree:prePrune ├── d@0.1.1
133 silly idealTree:prePrune ├─┬ dashdash@1.13.0
133 silly idealTree:prePrune │ └── assert-plus@1.0.0
133 silly idealTree:prePrune ├─┬ deasync@0.1.4
133 silly idealTree:prePrune │ └── nan@2.2.0
133 silly idealTree:prePrune ├── debug@2.2.0
133 silly idealTree:prePrune ├── deep-equal@1.0.1
133 silly idealTree:prePrune ├── delayed-stream@1.0.0
133 silly idealTree:prePrune ├── depd@1.0.1
133 silly idealTree:prePrune ├── destroy@1.0.4
133 silly idealTree:prePrune ├── dotenv@2.0.0
133 silly idealTree:prePrune ├── double-ended-queue@2.1.0-0
133 silly idealTree:prePrune ├── ecc-jsbn@0.1.1
133 silly idealTree:prePrune ├── ecdsa-sig-formatter@1.0.5
133 silly idealTree:prePrune ├── ee-first@1.1.1
133 silly idealTree:prePrune ├── ejs@2.3.4
133 silly idealTree:prePrune ├── es5-ext@0.10.11
133 silly idealTree:prePrune ├── es6-iterator@2.0.0
133 silly idealTree:prePrune ├── es6-symbol@3.0.2
133 silly idealTree:prePrune ├─┬ es6-weak-map@0.1.4
133 silly idealTree:prePrune │ ├── es6-iterator@0.1.3
133 silly idealTree:prePrune │ └── es6-symbol@2.0.1
133 silly idealTree:prePrune ├── escape-html@1.0.3
133 silly idealTree:prePrune ├── escape-string-regexp@1.0.5
133 silly idealTree:prePrune ├── etag@1.7.0
133 silly idealTree:prePrune ├── event-emitter@0.3.4
133 silly idealTree:prePrune ├─┬ express@4.13.4
133 silly idealTree:prePrune │ ├── cookie@0.1.5
133 silly idealTree:prePrune │ └── depd@1.1.0
133 silly idealTree:prePrune ├── extend@2.0.1
133 silly idealTree:prePrune ├── extsprintf@1.0.2
133 silly idealTree:prePrune ├── eyes@0.1.8
133 silly idealTree:prePrune ├── finalhandler@0.4.1
133 silly idealTree:prePrune ├── findup-sync@0.2.1
133 silly idealTree:prePrune ├── flagged-respawn@0.3.1
133 silly idealTree:prePrune ├── forever-agent@0.6.1
133 silly idealTree:prePrune ├─┬ form-data@1.0.0-rc3
133 silly idealTree:prePrune │ └── async@1.5.2
133 silly idealTree:prePrune ├── forwarded@0.1.0
133 silly idealTree:prePrune ├── fresh@0.3.0
133 silly idealTree:prePrune ├── generate-function@2.0.0
133 silly idealTree:prePrune ├── generate-object-property@1.2.0
133 silly idealTree:prePrune ├── generic-pool@2.1.1
133 silly idealTree:prePrune ├── get-stdin@4.0.1
133 silly idealTree:prePrune ├── glob@4.3.5
133 silly idealTree:prePrune ├── graceful-readlink@1.0.1
133 silly idealTree:prePrune ├── har-validator@2.0.6
133 silly idealTree:prePrune ├── has-ansi@2.0.0
133 silly idealTree:prePrune ├── hashmap@2.0.4
133 silly idealTree:prePrune ├── hawk@3.1.3
133 silly idealTree:prePrune ├── hoek@2.16.3
133 silly idealTree:prePrune ├── http-errors@1.3.1
133 silly idealTree:prePrune ├── http-signature@1.1.1
133 silly idealTree:prePrune ├── i@0.3.4
133 silly idealTree:prePrune ├── iconv-lite@0.4.11
133 silly idealTree:prePrune ├── indent-string@1.2.2
133 silly idealTree:prePrune ├── inflight@1.0.4
133 silly idealTree:prePrune ├── inherits@2.0.1
133 silly idealTree:prePrune ├── interpret@0.6.6
133 silly idealTree:prePrune ├── ipaddr.js@1.0.5
133 silly idealTree:prePrune ├── is-finite@1.0.1
133 silly idealTree:prePrune ├── is-my-json-valid@2.13.1
133 silly idealTree:prePrune ├── is-property@1.0.2
133 silly idealTree:prePrune ├── is-typedarray@1.0.0
133 silly idealTree:prePrune ├── isarray@0.0.1
133 silly idealTree:prePrune ├── isstream@0.1.2
133 silly idealTree:prePrune ├── jodid25519@1.0.2
133 silly idealTree:prePrune ├── jsbn@0.1.0
133 silly idealTree:prePrune ├── json-schema@0.2.2
133 silly idealTree:prePrune ├── json-stringify-safe@5.0.1
133 silly idealTree:prePrune ├── jsonpointer@2.0.0
133 silly idealTree:prePrune ├── jsonwebtoken@5.7.0
133 silly idealTree:prePrune ├── jsprim@1.2.2
133 silly idealTree:prePrune ├── jwa@1.1.3
133 silly idealTree:prePrune ├── jws@3.1.3
133 silly idealTree:prePrune ├─┬ knex@0.10.0
133 silly idealTree:prePrune │ └── minimist@1.1.3
133 silly idealTree:prePrune ├─┬ liftoff@2.0.3
133 silly idealTree:prePrune │ └── minimist@1.1.3
133 silly idealTree:prePrune ├── locus@1.2.0
133 silly idealTree:prePrune ├── lodash@3.10.1
133 silly idealTree:prePrune ├── lru-cache@2.7.3
133 silly idealTree:prePrune ├── lru-queue@0.1.0
133 silly idealTree:prePrune ├── map-obj@1.0.1
133 silly idealTree:prePrune ├── media-typer@0.3.0
133 silly idealTree:prePrune ├── memoizee@0.3.9
133 silly idealTree:prePrune ├── meow@2.0.0
133 silly idealTree:prePrune ├── merge-descriptors@1.0.1
133 silly idealTree:prePrune ├── methods@1.1.2
133 silly idealTree:prePrune ├── mime-db@1.22.0
133 silly idealTree:prePrune ├── mime-types@2.1.10
133 silly idealTree:prePrune ├── mime@1.3.4
133 silly idealTree:prePrune ├── minimatch@2.0.10
133 silly idealTree:prePrune ├── minimist@1.2.0
133 silly idealTree:prePrune ├─┬ mkdirp@0.5.1
133 silly idealTree:prePrune │ └── minimist@0.0.8
133 silly idealTree:prePrune ├── morgan@1.6.1
133 silly idealTree:prePrune ├── ms@0.7.1
133 silly idealTree:prePrune ├── mute-stream@0.0.6
133 silly idealTree:prePrune ├── nan@2.0.5
133 silly idealTree:prePrune ├── ncp@0.4.2
133 silly idealTree:prePrune ├── negotiator@0.5.3
133 silly idealTree:prePrune ├── next-tick@0.2.2
133 silly idealTree:prePrune ├── node-uuid@1.4.7
133 silly idealTree:prePrune ├── number-is-nan@1.0.0
133 silly idealTree:prePrune ├── oauth-sign@0.8.1
133 silly idealTree:prePrune ├── object-assign@1.0.0
133 silly idealTree:prePrune ├── on-finished@2.3.0
133 silly idealTree:prePrune ├── on-headers@1.0.1
133 silly idealTree:prePrune ├── once@1.3.3
133 silly idealTree:prePrune ├── packet-reader@0.2.0
133 silly idealTree:prePrune ├── parseurl@1.3.1
133 silly idealTree:prePrune ├── path-is-absolute@1.0.0
133 silly idealTree:prePrune ├── path-to-regexp@0.1.7
133 silly idealTree:prePrune ├── pg-connection-string@0.1.3
133 silly idealTree:prePrune ├── pg-types@1.10.0
133 silly idealTree:prePrune ├── pg@4.4.6
133 silly idealTree:prePrune ├── pgpass@0.0.3
133 silly idealTree:prePrune ├── pinkie-promise@2.0.0
133 silly idealTree:prePrune ├── pinkie@2.0.4
133 silly idealTree:prePrune ├── pkginfo@0.3.1
133 silly idealTree:prePrune ├── pool2@1.3.1
133 silly idealTree:prePrune ├── postgres-array@1.0.0
133 silly idealTree:prePrune ├── postgres-bytea@1.0.0
133 silly idealTree:prePrune ├── postgres-date@1.0.1
133 silly idealTree:prePrune ├── postgres-interval@1.0.1
133 silly idealTree:prePrune ├── process-nextick-args@1.0.6
133 silly idealTree:prePrune ├── prompt@0.2.14
133 silly idealTree:prePrune ├── proxy-addr@1.0.10
133 silly idealTree:prePrune ├── qs@4.0.0
133 silly idealTree:prePrune ├── range-parser@1.0.3
133 silly idealTree:prePrune ├─┬ raw-body@2.1.5
133 silly idealTree:prePrune │ ├── bytes@2.2.0
133 silly idealTree:prePrune │ └── iconv-lite@0.4.13
133 silly idealTree:prePrune ├── read@1.0.7
133 silly idealTree:prePrune ├── readable-stream@1.1.13
133 silly idealTree:prePrune ├── repeating@1.1.3
133 silly idealTree:prePrune ├─┬ request@2.69.0
133 silly idealTree:prePrune │ ├── extend@3.0.0
133 silly idealTree:prePrune │ └── qs@6.0.2
133 silly idealTree:prePrune ├── resolve@1.1.7
133 silly idealTree:prePrune ├── revalidator@0.1.8
133 silly idealTree:prePrune ├─┬ rimraf@2.5.2
133 silly idealTree:prePrune │ └── glob@7.0.0
133 silly idealTree:prePrune ├── semver@4.3.6
133 silly idealTree:prePrune ├─┬ send@0.13.1
133 silly idealTree:prePrune │ └── depd@1.1.0
133 silly idealTree:prePrune ├── serve-favicon@2.3.0
133 silly idealTree:prePrune ├── serve-static@1.10.2
133 silly idealTree:prePrune ├── simple-backoff@1.0.0
133 silly idealTree:prePrune ├── sntp@1.0.9
133 silly idealTree:prePrune ├── split@0.3.3
133 silly idealTree:prePrune ├── sshpk@1.7.4
133 silly idealTree:prePrune ├── stack-trace@0.0.9
133 silly idealTree:prePrune ├── statuses@1.2.1
133 silly idealTree:prePrune ├── string_decoder@0.10.31
133 silly idealTree:prePrune ├── stringstream@0.0.5
133 silly idealTree:prePrune ├── strip-ansi@3.0.1
133 silly idealTree:prePrune ├── supports-color@2.0.0
133 silly idealTree:prePrune ├── through@2.3.8
133 silly idealTree:prePrune ├── tildify@1.0.0
133 silly idealTree:prePrune ├── timers-ext@0.1.0
133 silly idealTree:prePrune ├── tough-cookie@2.2.1
133 silly idealTree:prePrune ├── tunnel-agent@0.4.2
133 silly idealTree:prePrune ├── tweetnacl@0.14.0
133 silly idealTree:prePrune ├── type-is@1.6.11
133 silly idealTree:prePrune ├── typedarray@0.0.6
133 silly idealTree:prePrune ├── unpipe@1.0.0
133 silly idealTree:prePrune ├── user-home@1.1.1
133 silly idealTree:prePrune ├── util-deprecate@1.0.2
133 silly idealTree:prePrune ├── utile@0.2.1
133 silly idealTree:prePrune ├── utils-merge@1.0.0
133 silly idealTree:prePrune ├── v8flags@2.0.11
133 silly idealTree:prePrune ├── vary@1.0.1
133 silly idealTree:prePrune ├── verror@1.3.6
133 silly idealTree:prePrune ├── winston@0.8.3
133 silly idealTree:prePrune ├── wrappy@1.0.1
133 silly idealTree:prePrune └── xtend@4.0.1
134 silly loadIdealTree Finishing
135 silly currentTree twitter-angular-project@0.0.0
135 silly currentTree ├── accepts@1.2.13
135 silly currentTree ├── ansi-regex@2.0.0
135 silly currentTree ├── ansi-styles@2.2.0
135 silly currentTree ├── ap@0.2.0
135 silly currentTree ├── array-flatten@1.1.1
135 silly currentTree ├── asn1@0.2.3
135 silly currentTree ├── assert-plus@0.2.0
135 silly currentTree ├── async@0.2.10
135 silly currentTree ├── aws-sign2@0.6.0
135 silly currentTree ├── aws4@1.2.1
135 silly currentTree ├── balanced-match@0.3.0
135 silly currentTree ├── base64-url@1.2.1
135 silly currentTree ├── base64url@1.0.6
135 silly currentTree ├── basic-auth@1.0.3
135 silly currentTree ├── bcrypt@0.8.5
135 silly currentTree ├── bindings@1.2.1
135 silly currentTree ├─┬ bl@1.0.3
135 silly currentTree │ └── readable-stream@2.0.5
135 silly currentTree ├── bluebird@2.10.2
135 silly currentTree ├── body-parser@1.13.3
135 silly currentTree ├── boom@2.10.1
135 silly currentTree ├── brace-expansion@1.1.3
135 silly currentTree ├── buffer-equal-constant-time@1.0.1
135 silly currentTree ├── buffer-writer@1.0.1
135 silly currentTree ├── bytes@2.1.0
135 silly currentTree ├── camelcase-keys@1.0.0
135 silly currentTree ├── camelcase@1.2.1
135 silly currentTree ├── caseless@0.11.0
135 silly currentTree ├── chalk@1.1.1
135 silly currentTree ├── cli-color@1.1.0
135 silly currentTree ├── color-convert@1.0.0
135 silly currentTree ├── colors@0.6.2
135 silly currentTree ├── combined-stream@1.0.5
135 silly currentTree ├── commander@2.9.0
135 silly currentTree ├── concat-map@0.0.1
135 silly currentTree ├── concat-stream@1.4.10
135 silly currentTree ├── content-disposition@0.5.1
135 silly currentTree ├── content-type@1.0.1
135 silly currentTree ├── cookie-parser@1.3.5
135 silly currentTree ├── cookie-signature@1.0.6
135 silly currentTree ├── cookie@0.1.3
135 silly currentTree ├── core-util-is@1.0.2
135 silly currentTree ├── cryptiles@2.0.5
135 silly currentTree ├── cycle@1.0.3
135 silly currentTree ├── d@0.1.1
135 silly currentTree ├─┬ dashdash@1.13.0
135 silly currentTree │ └── assert-plus@1.0.0
135 silly currentTree ├── debug@2.2.0
135 silly currentTree ├── deep-equal@1.0.1
135 silly currentTree ├── delayed-stream@1.0.0
135 silly currentTree ├── depd@1.0.1
135 silly currentTree ├── destroy@1.0.4
135 silly currentTree ├── dotenv@2.0.0
135 silly currentTree ├── double-ended-queue@2.1.0-0
135 silly currentTree ├── ecc-jsbn@0.1.1
135 silly currentTree ├── ecdsa-sig-formatter@1.0.5
135 silly currentTree ├── ee-first@1.1.1
135 silly currentTree ├── ejs@2.3.4
135 silly currentTree ├── es5-ext@0.10.11
135 silly currentTree ├── es6-iterator@2.0.0
135 silly currentTree ├── es6-symbol@3.0.2
135 silly currentTree ├─┬ es6-weak-map@0.1.4
135 silly currentTree │ ├── es6-iterator@0.1.3
135 silly currentTree │ └── es6-symbol@2.0.1
135 silly currentTree ├── escape-html@1.0.3
135 silly currentTree ├── escape-string-regexp@1.0.5
135 silly currentTree ├── etag@1.7.0
135 silly currentTree ├── event-emitter@0.3.4
135 silly currentTree ├─┬ express@4.13.4
135 silly currentTree │ ├── cookie@0.1.5
135 silly currentTree │ └── depd@1.1.0
135 silly currentTree ├── extend@2.0.1
135 silly currentTree ├── extsprintf@1.0.2
135 silly currentTree ├── eyes@0.1.8
135 silly currentTree ├── finalhandler@0.4.1
135 silly currentTree ├── findup-sync@0.2.1
135 silly currentTree ├── flagged-respawn@0.3.1
135 silly currentTree ├── forever-agent@0.6.1
135 silly currentTree ├─┬ form-data@1.0.0-rc3
135 silly currentTree │ └── async@1.5.2
135 silly currentTree ├── forwarded@0.1.0
135 silly currentTree ├── fresh@0.3.0
135 silly currentTree ├── generate-function@2.0.0
135 silly currentTree ├── generate-object-property@1.2.0
135 silly currentTree ├── generic-pool@2.1.1
135 silly currentTree ├── get-stdin@4.0.1
135 silly currentTree ├── glob@4.3.5
135 silly currentTree ├── graceful-readlink@1.0.1
135 silly currentTree ├── har-validator@2.0.6
135 silly currentTree ├── has-ansi@2.0.0
135 silly currentTree ├── hashmap@2.0.4
135 silly currentTree ├── hawk@3.1.3
135 silly currentTree ├── hoek@2.16.3
135 silly currentTree ├── http-errors@1.3.1
135 silly currentTree ├── http-signature@1.1.1
135 silly currentTree ├── i@0.3.4
135 silly currentTree ├── iconv-lite@0.4.11
135 silly currentTree ├── indent-string@1.2.2
135 silly currentTree ├── inflight@1.0.4
135 silly currentTree ├── inherits@2.0.1
135 silly currentTree ├── interpret@0.6.6
135 silly currentTree ├── ipaddr.js@1.0.5
135 silly currentTree ├── is-finite@1.0.1
135 silly currentTree ├── is-my-json-valid@2.13.1
135 silly currentTree ├── is-property@1.0.2
135 silly currentTree ├── is-typedarray@1.0.0
135 silly currentTree ├── isarray@0.0.1
135 silly currentTree ├── isstream@0.1.2
135 silly currentTree ├── jodid25519@1.0.2
135 silly currentTree ├── jsbn@0.1.0
135 silly currentTree ├── json-schema@0.2.2
135 silly currentTree ├── json-stringify-safe@5.0.1
135 silly currentTree ├── jsonpointer@2.0.0
135 silly currentTree ├── jsonwebtoken@5.7.0
135 silly currentTree ├── jsprim@1.2.2
135 silly currentTree ├── jwa@1.1.3
135 silly currentTree ├── jws@3.1.3
135 silly currentTree ├─┬ knex@0.10.0
135 silly currentTree │ └── minimist@1.1.3
135 silly currentTree ├─┬ liftoff@2.0.3
135 silly currentTree │ └── minimist@1.1.3
135 silly currentTree ├── lodash@3.10.1
135 silly currentTree ├── lru-cache@2.7.3
135 silly currentTree ├── lru-queue@0.1.0
135 silly currentTree ├── map-obj@1.0.1
135 silly currentTree ├── media-typer@0.3.0
135 silly currentTree ├── memoizee@0.3.9
135 silly currentTree ├── meow@2.0.0
135 silly currentTree ├── merge-descriptors@1.0.1
135 silly currentTree ├── methods@1.1.2
135 silly currentTree ├── mime-db@1.22.0
135 silly currentTree ├── mime-types@2.1.10
135 silly currentTree ├── mime@1.3.4
135 silly currentTree ├── minimatch@2.0.10
135 silly currentTree ├── minimist@1.2.0
135 silly currentTree ├─┬ mkdirp@0.5.1
135 silly currentTree │ └── minimist@0.0.8
135 silly currentTree ├── morgan@1.6.1
135 silly currentTree ├── ms@0.7.1
135 silly currentTree ├── mute-stream@0.0.6
135 silly currentTree ├── nan@2.0.5
135 silly currentTree ├── ncp@0.4.2
135 silly currentTree ├── negotiator@0.5.3
135 silly currentTree ├── next-tick@0.2.2
135 silly currentTree ├── node-uuid@1.4.7
135 silly currentTree ├── number-is-nan@1.0.0
135 silly currentTree ├── oauth-sign@0.8.1
135 silly currentTree ├── object-assign@1.0.0
135 silly currentTree ├── on-finished@2.3.0
135 silly currentTree ├── on-headers@1.0.1
135 silly currentTree ├── once@1.3.3
135 silly currentTree ├── packet-reader@0.2.0
135 silly currentTree ├── parseurl@1.3.1
135 silly currentTree ├── path-is-absolute@1.0.0
135 silly currentTree ├── path-to-regexp@0.1.7
135 silly currentTree ├── pg-connection-string@0.1.3
135 silly currentTree ├── pg-types@1.10.0
135 silly currentTree ├── pg@4.4.6
135 silly currentTree ├── pgpass@0.0.3
135 silly currentTree ├── pinkie-promise@2.0.0
135 silly currentTree ├── pinkie@2.0.4
135 silly currentTree ├── pkginfo@0.3.1
135 silly currentTree ├── pool2@1.3.1
135 silly currentTree ├── postgres-array@1.0.0
135 silly currentTree ├── postgres-bytea@1.0.0
135 silly currentTree ├── postgres-date@1.0.1
135 silly currentTree ├── postgres-interval@1.0.1
135 silly currentTree ├── process-nextick-args@1.0.6
135 silly currentTree ├── prompt@0.2.14
135 silly currentTree ├── proxy-addr@1.0.10
135 silly currentTree ├── qs@4.0.0
135 silly currentTree ├── range-parser@1.0.3
135 silly currentTree ├─┬ raw-body@2.1.5
135 silly currentTree │ ├── bytes@2.2.0
135 silly currentTree │ └── iconv-lite@0.4.13
135 silly currentTree ├── read@1.0.7
135 silly currentTree ├── readable-stream@1.1.13
135 silly currentTree ├── repeating@1.1.3
135 silly currentTree ├─┬ request@2.69.0
135 silly currentTree │ ├── extend@3.0.0
135 silly currentTree │ └── qs@6.0.2
135 silly currentTree ├── resolve@1.1.7
135 silly currentTree ├── revalidator@0.1.8
135 silly currentTree ├─┬ rimraf@2.5.2
135 silly currentTree │ └── glob@7.0.0
135 silly currentTree ├── semver@4.3.6
135 silly currentTree ├─┬ send@0.13.1
135 silly currentTree │ └── depd@1.1.0
135 silly currentTree ├── serve-favicon@2.3.0
135 silly currentTree ├── serve-static@1.10.2
135 silly currentTree ├── simple-backoff@1.0.0
135 silly currentTree ├── sntp@1.0.9
135 silly currentTree ├── split@0.3.3
135 silly currentTree ├── sshpk@1.7.4
135 silly currentTree ├── stack-trace@0.0.9
135 silly currentTree ├── statuses@1.2.1
135 silly currentTree ├── string_decoder@0.10.31
135 silly currentTree ├── stringstream@0.0.5
135 silly currentTree ├── strip-ansi@3.0.1
135 silly currentTree ├── supports-color@2.0.0
135 silly currentTree ├── through@2.3.8
135 silly currentTree ├── tildify@1.0.0
135 silly currentTree ├── timers-ext@0.1.0
135 silly currentTree ├── tough-cookie@2.2.1
135 silly currentTree ├── tunnel-agent@0.4.2
135 silly currentTree ├── tweetnacl@0.14.0
135 silly currentTree ├── type-is@1.6.11
135 silly currentTree ├── typedarray@0.0.6
135 silly currentTree ├── unpipe@1.0.0
135 silly currentTree ├── user-home@1.1.1
135 silly currentTree ├── util-deprecate@1.0.2
135 silly currentTree ├── utile@0.2.1
135 silly currentTree ├── utils-merge@1.0.0
135 silly currentTree ├── v8flags@2.0.11
135 silly currentTree ├── vary@1.0.1
135 silly currentTree ├── verror@1.3.6
135 silly currentTree ├── winston@0.8.3
135 silly currentTree ├── wrappy@1.0.1
135 silly currentTree └── xtend@4.0.1
136 silly idealTree twitter-angular-project@0.0.0
136 silly idealTree ├── accepts@1.2.13
136 silly idealTree ├── ansi-regex@2.0.0
136 silly idealTree ├── ansi-styles@2.2.0
136 silly idealTree ├── ap@0.2.0
136 silly idealTree ├── array-flatten@1.1.1
136 silly idealTree ├── asn1@0.2.3
136 silly idealTree ├── assert-plus@0.2.0
136 silly idealTree ├── async@0.2.10
136 silly idealTree ├── aws-sign2@0.6.0
136 silly idealTree ├── aws4@1.2.1
136 silly idealTree ├── balanced-match@0.3.0
136 silly idealTree ├── base64-url@1.2.1
136 silly idealTree ├── base64url@1.0.6
136 silly idealTree ├── basic-auth@1.0.3
136 silly idealTree ├── bcrypt@0.8.5
136 silly idealTree ├── bindings@1.2.1
136 silly idealTree ├─┬ bl@1.0.3
136 silly idealTree │ └── readable-stream@2.0.5
136 silly idealTree ├── bluebird@2.10.2
136 silly idealTree ├── body-parser@1.13.3
136 silly idealTree ├── boom@2.10.1
136 silly idealTree ├── brace-expansion@1.1.3
136 silly idealTree ├── buffer-equal-constant-time@1.0.1
136 silly idealTree ├── buffer-writer@1.0.1
136 silly idealTree ├── bytes@2.1.0
136 silly idealTree ├── camelcase-keys@1.0.0
136 silly idealTree ├── camelcase@1.2.1
136 silly idealTree ├── caseless@0.11.0
136 silly idealTree ├── chalk@1.1.1
136 silly idealTree ├── cli-color@1.1.0
136 silly idealTree ├── color-convert@1.0.0
136 silly idealTree ├── colors@0.6.2
136 silly idealTree ├── combined-stream@1.0.5
136 silly idealTree ├── commander@2.9.0
136 silly idealTree ├── concat-map@0.0.1
136 silly idealTree ├── concat-stream@1.4.10
136 silly idealTree ├── content-disposition@0.5.1
136 silly idealTree ├── content-type@1.0.1
136 silly idealTree ├── cookie-parser@1.3.5
136 silly idealTree ├── cookie-signature@1.0.6
136 silly idealTree ├── cookie@0.1.3
136 silly idealTree ├── core-util-is@1.0.2
136 silly idealTree ├── cryptiles@2.0.5
136 silly idealTree ├── cycle@1.0.3
136 silly idealTree ├── d@0.1.1
136 silly idealTree ├─┬ dashdash@1.13.0
136 silly idealTree │ └── assert-plus@1.0.0
136 silly idealTree ├─┬ deasync@0.1.4
136 silly idealTree │ └── nan@2.2.0
136 silly idealTree ├── debug@2.2.0
136 silly idealTree ├── deep-equal@1.0.1
136 silly idealTree ├── delayed-stream@1.0.0
136 silly idealTree ├── depd@1.0.1
136 silly idealTree ├── destroy@1.0.4
136 silly idealTree ├── dotenv@2.0.0
136 silly idealTree ├── double-ended-queue@2.1.0-0
136 silly idealTree ├── ecc-jsbn@0.1.1
136 silly idealTree ├── ecdsa-sig-formatter@1.0.5
136 silly idealTree ├── ee-first@1.1.1
136 silly idealTree ├── ejs@2.3.4
136 silly idealTree ├── es5-ext@0.10.11
136 silly idealTree ├── es6-iterator@2.0.0
136 silly idealTree ├── es6-symbol@3.0.2
136 silly idealTree ├─┬ es6-weak-map@0.1.4
136 silly idealTree │ ├── es6-iterator@0.1.3
136 silly idealTree │ └── es6-symbol@2.0.1
136 silly idealTree ├── escape-html@1.0.3
136 silly idealTree ├── escape-string-regexp@1.0.5
136 silly idealTree ├── etag@1.7.0
136 silly idealTree ├── event-emitter@0.3.4
136 silly idealTree ├─┬ express@4.13.4
136 silly idealTree │ ├── cookie@0.1.5
136 silly idealTree │ └── depd@1.1.0
136 silly idealTree ├── extend@2.0.1
136 silly idealTree ├── extsprintf@1.0.2
136 silly idealTree ├── eyes@0.1.8
136 silly idealTree ├── finalhandler@0.4.1
136 silly idealTree ├── findup-sync@0.2.1
136 silly idealTree ├── flagged-respawn@0.3.1
136 silly idealTree ├── forever-agent@0.6.1
136 silly idealTree ├─┬ form-data@1.0.0-rc3
136 silly idealTree │ └── async@1.5.2
136 silly idealTree ├── forwarded@0.1.0
136 silly idealTree ├── fresh@0.3.0
136 silly idealTree ├── generate-function@2.0.0
136 silly idealTree ├── generate-object-property@1.2.0
136 silly idealTree ├── generic-pool@2.1.1
136 silly idealTree ├── get-stdin@4.0.1
136 silly idealTree ├── glob@4.3.5
136 silly idealTree ├── graceful-readlink@1.0.1
136 silly idealTree ├── har-validator@2.0.6
136 silly idealTree ├── has-ansi@2.0.0
136 silly idealTree ├── hashmap@2.0.4
136 silly idealTree ├── hawk@3.1.3
136 silly idealTree ├── hoek@2.16.3
136 silly idealTree ├── http-errors@1.3.1
136 silly idealTree ├── http-signature@1.1.1
136 silly idealTree ├── i@0.3.4
136 silly idealTree ├── iconv-lite@0.4.11
136 silly idealTree ├── indent-string@1.2.2
136 silly idealTree ├── inflight@1.0.4
136 silly idealTree ├── inherits@2.0.1
136 silly idealTree ├── interpret@0.6.6
136 silly idealTree ├── ipaddr.js@1.0.5
136 silly idealTree ├── is-finite@1.0.1
136 silly idealTree ├── is-my-json-valid@2.13.1
136 silly idealTree ├── is-property@1.0.2
136 silly idealTree ├── is-typedarray@1.0.0
136 silly idealTree ├── isarray@0.0.1
136 silly idealTree ├── isstream@0.1.2
136 silly idealTree ├── jodid25519@1.0.2
136 silly idealTree ├── jsbn@0.1.0
136 silly idealTree ├── json-schema@0.2.2
136 silly idealTree ├── json-stringify-safe@5.0.1
136 silly idealTree ├── jsonpointer@2.0.0
136 silly idealTree ├── jsonwebtoken@5.7.0
136 silly idealTree ├── jsprim@1.2.2
136 silly idealTree ├── jwa@1.1.3
136 silly idealTree ├── jws@3.1.3
136 silly idealTree ├─┬ knex@0.10.0
136 silly idealTree │ └── minimist@1.1.3
136 silly idealTree ├─┬ liftoff@2.0.3
136 silly idealTree │ └── minimist@1.1.3
136 silly idealTree ├── locus@1.2.0
136 silly idealTree ├── lodash@3.10.1
136 silly idealTree ├── lru-cache@2.7.3
136 silly idealTree ├── lru-queue@0.1.0
136 silly idealTree ├── map-obj@1.0.1
136 silly idealTree ├── media-typer@0.3.0
136 silly idealTree ├── memoizee@0.3.9
136 silly idealTree ├── meow@2.0.0
136 silly idealTree ├── merge-descriptors@1.0.1
136 silly idealTree ├── methods@1.1.2
136 silly idealTree ├── mime-db@1.22.0
136 silly idealTree ├── mime-types@2.1.10
136 silly idealTree ├── mime@1.3.4
136 silly idealTree ├── minimatch@2.0.10
136 silly idealTree ├── minimist@1.2.0
136 silly idealTree ├─┬ mkdirp@0.5.1
136 silly idealTree │ └── minimist@0.0.8
136 silly idealTree ├── morgan@1.6.1
136 silly idealTree ├── ms@0.7.1
136 silly idealTree ├── mute-stream@0.0.6
136 silly idealTree ├── nan@2.0.5
136 silly idealTree ├── ncp@0.4.2
136 silly idealTree ├── negotiator@0.5.3
136 silly idealTree ├── next-tick@0.2.2
136 silly idealTree ├── node-uuid@1.4.7
136 silly idealTree ├── number-is-nan@1.0.0
136 silly idealTree ├── oauth-sign@0.8.1
136 silly idealTree ├── object-assign@1.0.0
136 silly idealTree ├── on-finished@2.3.0
136 silly idealTree ├── on-headers@1.0.1
136 silly idealTree ├── once@1.3.3
136 silly idealTree ├── packet-reader@0.2.0
136 silly idealTree ├── parseurl@1.3.1
136 silly idealTree ├── path-is-absolute@1.0.0
136 silly idealTree ├── path-to-regexp@0.1.7
136 silly idealTree ├── pg-connection-string@0.1.3
136 silly idealTree ├── pg-types@1.10.0
136 silly idealTree ├── pg@4.4.6
136 silly idealTree ├── pgpass@0.0.3
136 silly idealTree ├── pinkie-promise@2.0.0
136 silly idealTree ├── pinkie@2.0.4
136 silly idealTree ├── pkginfo@0.3.1
136 silly idealTree ├── pool2@1.3.1
136 silly idealTree ├── postgres-array@1.0.0
136 silly idealTree ├── postgres-bytea@1.0.0
136 silly idealTree ├── postgres-date@1.0.1
136 silly idealTree ├── postgres-interval@1.0.1
136 silly idealTree ├── process-nextick-args@1.0.6
136 silly idealTree ├── prompt@0.2.14
136 silly idealTree ├── proxy-addr@1.0.10
136 silly idealTree ├── qs@4.0.0
136 silly idealTree ├── range-parser@1.0.3
136 silly idealTree ├─┬ raw-body@2.1.5
136 silly idealTree │ ├── bytes@2.2.0
136 silly idealTree │ └── iconv-lite@0.4.13
136 silly idealTree ├── read@1.0.7
136 silly idealTree ├── readable-stream@1.1.13
136 silly idealTree ├── repeating@1.1.3
136 silly idealTree ├─┬ request@2.69.0
136 silly idealTree │ ├── extend@3.0.0
136 silly idealTree │ └── qs@6.0.2
136 silly idealTree ├── resolve@1.1.7
136 silly idealTree ├── revalidator@0.1.8
136 silly idealTree ├─┬ rimraf@2.5.2
136 silly idealTree │ └── glob@7.0.0
136 silly idealTree ├── semver@4.3.6
136 silly idealTree ├─┬ send@0.13.1
136 silly idealTree │ └── depd@1.1.0
136 silly idealTree ├── serve-favicon@2.3.0
136 silly idealTree ├── serve-static@1.10.2
136 silly idealTree ├── simple-backoff@1.0.0
136 silly idealTree ├── sntp@1.0.9
136 silly idealTree ├── split@0.3.3
136 silly idealTree ├── sshpk@1.7.4
136 silly idealTree ├── stack-trace@0.0.9
136 silly idealTree ├── statuses@1.2.1
136 silly idealTree ├── string_decoder@0.10.31
136 silly idealTree ├── stringstream@0.0.5
136 silly idealTree ├── strip-ansi@3.0.1
136 silly idealTree ├── supports-color@2.0.0
136 silly idealTree ├── through@2.3.8
136 silly idealTree ├── tildify@1.0.0
136 silly idealTree ├── timers-ext@0.1.0
136 silly idealTree ├── tough-cookie@2.2.1
136 silly idealTree ├── tunnel-agent@0.4.2
136 silly idealTree ├── tweetnacl@0.14.0
136 silly idealTree ├── type-is@1.6.11
136 silly idealTree ├── typedarray@0.0.6
136 silly idealTree ├── unpipe@1.0.0
136 silly idealTree ├── user-home@1.1.1
136 silly idealTree ├── util-deprecate@1.0.2
136 silly idealTree ├── utile@0.2.1
136 silly idealTree ├── utils-merge@1.0.0
136 silly idealTree ├── v8flags@2.0.11
136 silly idealTree ├── vary@1.0.1
136 silly idealTree ├── verror@1.3.6
136 silly idealTree ├── winston@0.8.3
136 silly idealTree ├── wrappy@1.0.1
136 silly idealTree └── xtend@4.0.1
137 silly generateActionsToTake Starting
138 silly install generateActionsToTake
139 silly generateActionsToTake Finishing
140 silly diffTrees action count 3
141 silly diffTrees add nan@2.2.0
142 silly diffTrees add deasync@0.1.4
143 silly diffTrees add locus@1.2.0
144 silly decomposeActions action count 24
145 silly decomposeActions fetch nan@2.2.0
146 silly decomposeActions extract nan@2.2.0
147 silly decomposeActions test nan@2.2.0
148 silly decomposeActions preinstall nan@2.2.0
149 silly decomposeActions build nan@2.2.0
150 silly decomposeActions install nan@2.2.0
151 silly decomposeActions postinstall nan@2.2.0
152 silly decomposeActions finalize nan@2.2.0
153 silly decomposeActions fetch deasync@0.1.4
154 silly decomposeActions extract deasync@0.1.4
155 silly decomposeActions test deasync@0.1.4
156 silly decomposeActions preinstall deasync@0.1.4
157 silly decomposeActions build deasync@0.1.4
158 silly decomposeActions install deasync@0.1.4
159 silly decomposeActions postinstall deasync@0.1.4
160 silly decomposeActions finalize deasync@0.1.4
161 silly decomposeActions fetch locus@1.2.0
162 silly decomposeActions extract locus@1.2.0
163 silly decomposeActions test locus@1.2.0
164 silly decomposeActions preinstall locus@1.2.0
165 silly decomposeActions build locus@1.2.0
166 silly decomposeActions install locus@1.2.0
167 silly decomposeActions postinstall locus@1.2.0
168 silly decomposeActions finalize locus@1.2.0
169 silly executeActions Starting
170 silly install executeActions
171 silly doSerial global-install 0
172 silly doParallel fetch 3
173 verbose correctMkdir /Users/Sierra Hotel/.npm/_locks correctMkdir not in flight; initializing
174 verbose lock using /Users/Sierra Hotel/.npm/_locks/staging-98a673e0d98639ef.lock for /Users/Sierra Hotel/workspace/twitter-angular-project/node_modules/.staging
175 silly doParallel extract 3
176 silly extract nan@2.2.0
177 silly extract deasync@0.1.4
178 silly extract locus@1.2.0
179 verbose unbuild node_modules/.staging/nan-647e0588
180 verbose unbuild node_modules/.staging/deasync-76bc4f16
181 verbose unbuild node_modules/.staging/locus-452f1ca0
182 silly gentlyRm /Users/Sierra Hotel/workspace/twitter-angular-project/node_modules/.staging/nan-647e0588 is being purged from base /Users/Sierra Hotel/workspace/twitter-angular-project
183 verbose gentlyRm don't care about contents; nuking /Users/Sierra Hotel/workspace/twitter-angular-project/node_modules/.staging/nan-647e0588
184 silly gentlyRm /Users/Sierra Hotel/workspace/twitter-angular-project/node_modules/.staging/deasync-76bc4f16 is being purged from base /Users/Sierra Hotel/workspace/twitter-angular-project
185 verbose gentlyRm don't care about contents; nuking /Users/Sierra Hotel/workspace/twitter-angular-project/node_modules/.staging/deasync-76bc4f16
186 silly gentlyRm /Users/Sierra Hotel/workspace/twitter-angular-project/node_modules/.staging/locus-452f1ca0 is being purged from base /Users/Sierra Hotel/workspace/twitter-angular-project
187 verbose gentlyRm don't care about contents; nuking /Users/Sierra Hotel/workspace/twitter-angular-project/node_modules/.staging/locus-452f1ca0
188 verbose tar unpack /Users/Sierra Hotel/.npm/nan/2.2.0/package.tgz
189 verbose tar unpacking to /Users/Sierra Hotel/workspace/twitter-angular-project/node_modules/.staging/nan-647e0588
190 silly gentlyRm /Users/Sierra Hotel/workspace/twitter-angular-project/node_modules/.staging/nan-647e0588 is being purged
191 verbose gentlyRm don't care about contents; nuking /Users/Sierra Hotel/workspace/twitter-angular-project/node_modules/.staging/nan-647e0588
192 verbose tar unpack /Users/Sierra Hotel/.npm/deasync/0.1.4/package.tgz
193 verbose tar unpacking to /Users/Sierra Hotel/workspace/twitter-angular-project/node_modules/.staging/deasync-76bc4f16
194 silly gentlyRm /Users/Sierra Hotel/workspace/twitter-angular-project/node_modules/.staging/deasync-76bc4f16 is being purged
195 verbose gentlyRm don't care about contents; nuking /Users/Sierra Hotel/workspace/twitter-angular-project/node_modules/.staging/deasync-76bc4f16
196 verbose tar unpack /Users/Sierra Hotel/.npm/locus/1.2.0/package.tgz
197 verbose tar unpacking to /Users/Sierra Hotel/workspace/twitter-angular-project/node_modules/.staging/locus-452f1ca0
198 silly gentlyRm /Users/Sierra Hotel/workspace/twitter-angular-project/node_modules/.staging/locus-452f1ca0 is being purged
199 verbose gentlyRm don't care about contents; nuking /Users/Sierra Hotel/workspace/twitter-angular-project/node_modules/.staging/locus-452f1ca0
200 silly gunzTarPerm modes [ '755', '644' ]
201 silly gunzTarPerm modes [ '755', '644' ]
202 silly gunzTarPerm modes [ '755', '644' ]
203 silly gunzTarPerm extractEntry package.json
204 silly gunzTarPerm modified mode [ 'package.json', 436, 420 ]
205 silly gunzTarPerm extractEntry package.json
206 silly gunzTarPerm extractEntry package.json
207 silly gunzTarPerm extractEntry README.md
208 silly gunzTarPerm modified mode [ 'README.md', 436, 420 ]
209 silly gunzTarPerm extractEntry include_dirs.js
210 silly gunzTarPerm modified mode [ 'include_dirs.js', 436, 420 ]
211 silly gunzTarPerm extractEntry .npmignore
212 silly gunzTarPerm modified mode [ '.npmignore', 436, 420 ]
213 silly gunzTarPerm extractEntry README.md
214 silly gunzTarPerm extractEntry README.md
215 silly gunzTarPerm extractEntry src/index.js
216 silly gunzTarPerm extractEntry nan_converters.h
217 silly gunzTarPerm modified mode [ 'nan_converters.h', 436, 420 ]
218 silly gunzTarPerm extractEntry LICENSE.md
219 silly gunzTarPerm modified mode [ 'LICENSE.md', 436, 420 ]
220 silly gunzTarPerm extractEntry .dntrc
221 silly gunzTarPerm modified mode [ '.dntrc', 436, 420 ]
222 silly gunzTarPerm extractEntry test.js
223 silly gunzTarPerm extractEntry quick-test.js
224 silly gunzTarPerm modified mode [ 'quick-test.js', 436, 420 ]
225 silly gunzTarPerm extractEntry appveyor.yml
226 silly gunzTarPerm modified mode [ 'appveyor.yml', 436, 420 ]
227 silly gunzTarPerm extractEntry index.js
228 silly gunzTarPerm extractEntry build.js
229 silly gunzTarPerm extractEntry doc/new.md
230 silly gunzTarPerm modified mode [ 'doc/new.md', 436, 420 ]
231 silly gunzTarPerm extractEntry doc/.build.sh
232 silly gunzTarPerm modified mode [ 'doc/.build.sh', 509, 493 ]
233 silly gunzTarPerm extractEntry binding.gyp
234 silly gunzTarPerm modified mode [ 'binding.gyp', 436, 420 ]
235 silly gunzTarPerm extractEntry doc/buffers.md
236 silly gunzTarPerm modified mode [ 'doc/buffers.md', 436, 420 ]
237 silly gunzTarPerm extractEntry doc/callback.md
238 silly gunzTarPerm modified mode [ 'doc/callback.md', 436, 420 ]
239 silly gunzTarPerm extractEntry bin/linux-x64-node-5/deasync.node
240 silly gunzTarPerm extractEntry bin/darwin-x64-node-0.10/deasync.node
241 silly gunzTarPerm extractEntry doc/converters.md
242 silly gunzTarPerm modified mode [ 'doc/converters.md', 436, 420 ]
243 silly gunzTarPerm extractEntry doc/errors.md
244 silly gunzTarPerm modified mode [ 'doc/errors.md', 436, 420 ]
245 silly gentlyRm /Users/Sierra Hotel/workspace/twitter-angular-project/node_modules/.staging/locus-452f1ca0/node_modules is being purged
246 verbose gentlyRm don't care about contents; nuking /Users/Sierra Hotel/workspace/twitter-angular-project/node_modules/.staging/locus-452f1ca0/node_modules
247 silly gunzTarPerm extractEntry bin/darwin-x64-node-0.12/deasync.node
248 silly gunzTarPerm extractEntry bin/darwin-x64-node-4/deasync.node
249 silly gunzTarPerm extractEntry doc/maybe_types.md
250 silly gunzTarPerm modified mode [ 'doc/maybe_types.md', 436, 420 ]
251 silly gunzTarPerm extractEntry doc/methods.md
252 silly gunzTarPerm modified mode [ 'doc/methods.md', 436, 420 ]
253 silly gunzTarPerm extractEntry bin/linux-ia32-node-0.10/deasync.node
254 silly gunzTarPerm extractEntry bin/linux-ia32-node-0.11/deasync.node
255 silly gunzTarPerm extractEntry doc/asyncworker.md
256 silly gunzTarPerm modified mode [ 'doc/asyncworker.md', 436, 420 ]
257 silly gunzTarPerm extractEntry doc/node_misc.md
258 silly gunzTarPerm modified mode [ 'doc/node_misc.md', 436, 420 ]
259 silly gunzTarPerm extractEntry bin/linux-ia32-node-0.12/deasync.node
260 silly gunzTarPerm extractEntry bin/linux-x64-node-0.10/deasync.node
261 silly gunzTarPerm extractEntry doc/object_wrappers.md
262 silly gunzTarPerm modified mode [ 'doc/object_wrappers.md', 436, 420 ]
263 silly gunzTarPerm extractEntry doc/persistent.md
264 silly gunzTarPerm modified mode [ 'doc/persistent.md', 436, 420 ]
265 silly gunzTarPerm extractEntry bin/linux-x64-node-0.11/deasync.node
266 silly gunzTarPerm extractEntry bin/linux-x64-node-0.12/deasync.node
267 silly gunzTarPerm extractEntry doc/scopes.md
268 silly gunzTarPerm modified mode [ 'doc/scopes.md', 436, 420 ]
269 silly gunzTarPerm extractEntry bin/linux-x64-node-4/deasync.node
270 silly gunzTarPerm extractEntry bin/darwin-x64-node-0.11/deasync.node
271 silly gunzTarPerm extractEntry doc/script.md
272 silly gunzTarPerm modified mode [ 'doc/script.md', 436, 420 ]
273 silly gunzTarPerm extractEntry doc/string_bytes.md
274 silly gunzTarPerm modified mode [ 'doc/string_bytes.md', 436, 420 ]
275 silly gunzTarPerm extractEntry doc/v8_internals.md
276 silly gunzTarPerm modified mode [ 'doc/v8_internals.md', 436, 420 ]
277 silly gunzTarPerm extractEntry doc/v8_misc.md
278 silly gunzTarPerm modified mode [ 'doc/v8_misc.md', 436, 420 ]
279 silly gunzTarPerm extractEntry bin/win32-ia32-node-0.10/deasync.node
280 silly gunzTarPerm extractEntry bin/win32-ia32-node-0.11/deasync.node
281 silly gunzTarPerm extractEntry nan.h
282 silly gunzTarPerm modified mode [ 'nan.h', 436, 420 ]
283 silly gunzTarPerm extractEntry nan_callbacks.h
284 silly gunzTarPerm modified mode [ 'nan_callbacks.h', 436, 420 ]
285 silly gunzTarPerm extractEntry bin/win32-ia32-node-0.12/deasync.node
286 silly gunzTarPerm extractEntry bin/win32-ia32-node-4/deasync.node
287 silly gunzTarPerm extractEntry nan_callbacks_12_inl.h
288 silly gunzTarPerm modified mode [ 'nan_callbacks_12_inl.h', 436, 420 ]
289 silly gunzTarPerm extractEntry nan_callbacks_pre_12_inl.h
290 silly gunzTarPerm modified mode [ 'nan_callbacks_pre_12_inl.h', 436, 420 ]
291 silly gunzTarPerm extractEntry bin/win32-ia32-node-5/deasync.node
292 silly gunzTarPerm extractEntry bin/win32-x64-node-0.10/deasync.node
293 silly gunzTarPerm extractEntry nan_converters_43_inl.h
294 silly gunzTarPerm modified mode [ 'nan_converters_43_inl.h', 436, 420 ]
295 silly gunzTarPerm extractEntry nan_converters_pre_43_inl.h
296 silly gunzTarPerm modified mode [ 'nan_converters_pre_43_inl.h', 436, 420 ]
297 silly gunzTarPerm extractEntry nan_implementation_12_inl.h
298 silly gunzTarPerm modified mode [ 'nan_implementation_12_inl.h', 436, 420 ]
299 silly gunzTarPerm extractEntry nan_implementation_pre_12_inl.h
300 silly gunzTarPerm modified mode [ 'nan_implementation_pre_12_inl.h', 436, 420 ]
301 silly gunzTarPerm extractEntry bin/win32-x64-node-0.11/deasync.node
302 silly gunzTarPerm extractEntry nan_maybe_43_inl.h
303 silly gunzTarPerm modified mode [ 'nan_maybe_43_inl.h', 436, 420 ]
304 silly gunzTarPerm extractEntry nan_maybe_pre_43_inl.h
305 silly gunzTarPerm modified mode [ 'nan_maybe_pre_43_inl.h', 436, 420 ]
306 silly gunzTarPerm extractEntry nan_new.h
307 silly gunzTarPerm modified mode [ 'nan_new.h', 436, 420 ]
308 silly gunzTarPerm extractEntry nan_object_wrap.h
309 silly gunzTarPerm modified mode [ 'nan_object_wrap.h', 436, 420 ]
310 silly gunzTarPerm extractEntry nan_persistent_12_inl.h
311 silly gunzTarPerm modified mode [ 'nan_persistent_12_inl.h', 436, 420 ]
312 silly gunzTarPerm extractEntry nan_persistent_pre_12_inl.h
313 silly gunzTarPerm modified mode [ 'nan_persistent_pre_12_inl.h', 436, 420 ]
314 silly gunzTarPerm extractEntry bin/win32-x64-node-0.12/deasync.node
315 silly gunzTarPerm extractEntry nan_string_bytes.h
316 silly gunzTarPerm modified mode [ 'nan_string_bytes.h', 436, 420 ]
317 silly gunzTarPerm extractEntry nan_typedarray_contents.h
318 silly gunzTarPerm modified mode [ 'nan_typedarray_contents.h', 436, 420 ]
319 silly gunzTarPerm extractEntry bin/win32-x64-node-4/deasync.node
320 silly gunzTarPerm extractEntry nan_weak.h
321 silly gunzTarPerm modified mode [ 'nan_weak.h', 436, 420 ]
322 silly gunzTarPerm extractEntry CHANGELOG.md
323 silly gunzTarPerm modified mode [ 'CHANGELOG.md', 436, 420 ]
324 silly gunzTarPerm extractEntry bin/win32-x64-node-5/deasync.node
325 silly gunzTarPerm extractEntry tools/package.json
326 silly gunzTarPerm modified mode [ 'tools/package.json', 436, 420 ]
327 silly gunzTarPerm extractEntry tools/README.md
328 silly gunzTarPerm modified mode [ 'tools/README.md', 436, 420 ]
329 silly gunzTarPerm extractEntry src/deasync.cc
330 silly gunzTarPerm extractEntry tools/1to2.js
331 silly gunzTarPerm modified mode [ 'tools/1to2.js', 509, 493 ]
332 silly gentlyRm /Users/Sierra Hotel/workspace/twitter-angular-project/node_modules/.staging/deasync-76bc4f16/node_modules is being purged
333 verbose gentlyRm don't care about contents; nuking /Users/Sierra Hotel/workspace/twitter-angular-project/node_modules/.staging/deasync-76bc4f16/node_modules
334 silly gentlyRm /Users/Sierra Hotel/workspace/twitter-angular-project/node_modules/.staging/nan-647e0588/node_modules is being purged
335 verbose gentlyRm don't care about contents; nuking /Users/Sierra Hotel/workspace/twitter-angular-project/node_modules/.staging/nan-647e0588/node_modules
336 silly doParallel preinstall 3
337 silly preinstall nan@2.2.0 /Users/Sierra Hotel/workspace/twitter-angular-project/node_modules/.staging/nan-647e0588
338 info lifecycle nan@2.2.0~preinstall: nan@2.2.0
339 silly preinstall deasync@0.1.4 /Users/Sierra Hotel/workspace/twitter-angular-project/node_modules/.staging/deasync-76bc4f16
340 info lifecycle deasync@0.1.4~preinstall: deasync@0.1.4
341 silly preinstall locus@1.2.0 /Users/Sierra Hotel/workspace/twitter-angular-project/node_modules/.staging/locus-452f1ca0
342 info lifecycle locus@1.2.0~preinstall: locus@1.2.0
343 silly lifecycle nan@2.2.0~preinstall: no script for preinstall, continuing
344 silly lifecycle deasync@0.1.4~preinstall: no script for preinstall, continuing
345 silly lifecycle locus@1.2.0~preinstall: no script for preinstall, continuing
346 silly doReverseSerial remove 0
347 silly doSerial move 0
348 silly doSerial finalize 3
349 silly finalize /Users/Sierra Hotel/workspace/twitter-angular-project/node_modules/deasync/node_modules/nan
350 silly finalize /Users/Sierra Hotel/workspace/twitter-angular-project/node_modules/deasync
351 silly finalize /Users/Sierra Hotel/workspace/twitter-angular-project/node_modules/locus
352 silly doSerial build 3
353 silly build nan@2.2.0
354 info linkStuff nan@2.2.0
355 silly linkStuff nan@2.2.0 has /Users/Sierra Hotel/workspace/twitter-angular-project/node_modules/deasync/node_modules as its parent node_modules
356 verbose linkBins nan@2.2.0
357 verbose linkMans nan@2.2.0
358 silly build deasync@0.1.4
359 info linkStuff deasync@0.1.4
360 silly linkStuff deasync@0.1.4 has /Users/Sierra Hotel/workspace/twitter-angular-project/node_modules as its parent node_modules
361 verbose linkBins deasync@0.1.4
362 verbose linkMans deasync@0.1.4
363 silly build locus@1.2.0
364 info linkStuff locus@1.2.0
365 silly linkStuff locus@1.2.0 has /Users/Sierra Hotel/workspace/twitter-angular-project/node_modules as its parent node_modules
366 verbose linkBins locus@1.2.0
367 verbose linkMans locus@1.2.0
368 silly doSerial global-link 0
369 silly doParallel update-linked 0
370 silly doSerial install 3
371 silly install nan@2.2.0 /Users/Sierra Hotel/workspace/twitter-angular-project/node_modules/.staging/nan-647e0588
372 info lifecycle nan@2.2.0~install: nan@2.2.0
373 silly lifecycle nan@2.2.0~install: no script for install, continuing
374 silly install deasync@0.1.4 /Users/Sierra Hotel/workspace/twitter-angular-project/node_modules/.staging/deasync-76bc4f16
375 info lifecycle deasync@0.1.4~install: deasync@0.1.4
376 verbose lifecycle deasync@0.1.4~install: unsafe-perm in lifecycle true
377 verbose lifecycle deasync@0.1.4~install: PATH: /usr/local/lib/node_modules/npm/bin/node-gyp-bin:/Users/Sierra Hotel/workspace/twitter-angular-project/node_modules/deasync/node_modules/.bin:/Users/Sierra Hotel/workspace/twitter-angular-project/node_modules/.bin:/usr/local/bin:/usr/local/bin:/usr/bin:/bin:/usr/sbin:/sbin:/usr/local/git/bin:/Users/Sierra Hotel/SDK/
378 verbose lifecycle deasync@0.1.4~install: CWD: /Users/Sierra Hotel/workspace/twitter-angular-project/node_modules/deasync
379 silly lifecycle deasync@0.1.4~install: Args: [ '-c', 'node ./build.js' ]
380 silly lifecycle deasync@0.1.4~install: Returned: code: 1  signal: null
381 info lifecycle deasync@0.1.4~install: Failed to exec install script
382 verbose unlock done using /Users/Sierra Hotel/.npm/_locks/staging-98a673e0d98639ef.lock for /Users/Sierra Hotel/workspace/twitter-angular-project/node_modules/.staging
383 silly rollbackFailedOptional Starting
384 silly rollbackFailedOptional Finishing
385 silly runTopLevelLifecycles Starting
386 silly runTopLevelLifecycles Finishing
387 silly install printInstalled
388 verbose stack Error: deasync@0.1.4 install: `node ./build.js`
388 verbose stack Exit status 1
388 verbose stack     at EventEmitter.<anonymous> (/usr/local/lib/node_modules/npm/lib/utils/lifecycle.js:239:16)
388 verbose stack     at emitTwo (events.js:87:13)
388 verbose stack     at EventEmitter.emit (events.js:172:7)
388 verbose stack     at ChildProcess.<anonymous> (/usr/local/lib/node_modules/npm/lib/utils/spawn.js:24:14)
388 verbose stack     at emitTwo (events.js:87:13)
388 verbose stack     at ChildProcess.emit (events.js:172:7)
388 verbose stack     at maybeClose (internal/child_process.js:821:16)
388 verbose stack     at Process.ChildProcess._handle.onexit (internal/child_process.js:211:5)
389 verbose pkgid deasync@0.1.4
390 verbose cwd /Users/Sierra Hotel/workspace/twitter-angular-project
391 error Darwin 15.3.0
392 error argv "/usr/local/bin/node" "/usr/local/bin/npm" "install" "locus"
393 error node v5.4.1
394 error npm  v3.7.2
395 error code ELIFECYCLE
396 error deasync@0.1.4 install: `node ./build.js`
396 error Exit status 1
397 error Failed at the deasync@0.1.4 install script 'node ./build.js'.
397 error Make sure you have the latest version of node.js and npm installed.
397 error If you do, this is most likely a problem with the deasync package,
397 error not with npm itself.
397 error Tell the author that this fails on your system:
397 error     node ./build.js
397 error You can get information on how to open an issue for this project with:
397 error     npm bugs deasync
397 error Or if that isn't available, you can get their info via:
397 error     npm owner ls deasync
397 error There is likely additional logging output above.
398 verbose exit [ 1, true ]
